info it worked if it ends with ok
verbose cli [ 'node', '/usr/bin/npm', 'search', 'mongo' ]
info using npm@1.1.4
info using node@v0.6.12
verbose config file /root/.npmrc
verbose config file /usr/etc/npmrc
verbose config file /usr/share/npm/npmrc
WARN Building the local index for the first time, please be patient
verbose raw, before any munging /-/all
verbose url resolving [ 'https://registry.npmjs.org/', './-/all' ]
verbose url resolved https://registry.npmjs.org/-/all
http GET https://registry.npmjs.org/-/all
ERR! Error: SSL Error: CERT_UNTRUSTED
ERR!     at ClientRequest.<anonymous> (/usr/lib/nodejs/request/main.js:412:26)
ERR!     at ClientRequest.emit (events.js:67:17)
ERR!     at HTTPParser.onIncoming (http.js:1261:11)
ERR!     at HTTPParser.onHeadersComplete (http.js:102:31)
ERR!     at CleartextStream.ondata (http.js:1150:24)
ERR!     at CleartextStream._push (tls.js:375:27)
ERR!     at SecurePair.cycle (tls.js:734:20)
ERR!     at EncryptedStream.write (tls.js:130:13)
ERR!     at Socket.ondata (stream.js:38:26)
ERR!     at Socket.emit (events.js:67:17)
ERR! You may report this log at:
ERR!     <http://bugs.debian.org/npm>
ERR! or use
ERR!     reportbug --attach /root/mongo-course/M101JS/week1/lesson_examples/async_vs_sync/npm-debug.log npm
ERR! 
ERR! System Linux 3.2.0-55-virtual
ERR! command "node" "/usr/bin/npm" "search" "mongo"
ERR! cwd /root/mongo-course/M101JS/week1/lesson_examples/async_vs_sync
ERR! node -v v0.6.12
ERR! npm -v 1.1.4
ERR! message SSL Error: CERT_UNTRUSTED
verbose exit [ 1, true ]
